Traceback (most recent call last):
  File "/work/bm0021/conda-envs-public/summerschool_2022/lib/python3.10/site-packages/jupyter_cache/executors/utils.py", line 51, in single_nb_execution
    executenb(
  File "/work/bm0021/conda-envs-public/summerschool_2022/lib/python3.10/site-packages/nbclient/client.py", line 1204, in execute
    return NotebookClient(nb=nb, resources=resources, km=km, **kwargs).execute()
  File "/work/bm0021/conda-envs-public/summerschool_2022/lib/python3.10/site-packages/nbclient/util.py", line 84, in wrapped
    return just_run(coro(*args, **kwargs))
  File "/work/bm0021/conda-envs-public/summerschool_2022/lib/python3.10/site-packages/nbclient/util.py", line 62, in just_run
    return loop.run_until_complete(coro)
  File "/work/bm0021/conda-envs-public/summerschool_2022/lib/python3.10/asyncio/base_events.py", line 646, in run_until_complete
    return future.result()
  File "/work/bm0021/conda-envs-public/summerschool_2022/lib/python3.10/site-packages/nbclient/client.py", line 663, in async_execute
    await self.async_execute_cell(
  File "/work/bm0021/conda-envs-public/summerschool_2022/lib/python3.10/site-packages/nbclient/client.py", line 965, in async_execute_cell
    await self._check_raise_for_error(cell, cell_index, exec_reply)
  File "/work/bm0021/conda-envs-public/summerschool_2022/lib/python3.10/site-packages/nbclient/client.py", line 862, in _check_raise_for_error
    raise CellExecutionError.from_cell_and_msg(cell, exec_reply_content)
nbclient.exceptions.CellExecutionError: An error occurred while executing the following cell:
------------------
import xarray as xr
ds = xr.open_dataset(files[0].opendap_url, chunks={'time': 120})
ds
------------------

[0;31m---------------------------------------------------------------------------[0m
[0;31mKeyError[0m                                  Traceback (most recent call last)
File [0;32m/work/bm0021/conda-envs-public/summerschool_2022/lib/python3.10/site-packages/xarray/backends/file_manager.py:199[0m, in [0;36mCachingFileManager._acquire_with_cache_info[0;34m(self, needs_lock)[0m
[1;32m    198[0m [38;5;28;01mtry[39;00m:
[0;32m--> 199[0m     file [38;5;241m=[39m [38;5;28;43mself[39;49m[38;5;241;43m.[39;49m[43m_cache[49m[43m[[49m[38;5;28;43mself[39;49m[38;5;241;43m.[39;49m[43m_key[49m[43m][49m
[1;32m    200[0m [38;5;28;01mexcept[39;00m [38;5;167;01mKeyError[39;00m:

File [0;32m/work/bm0021/conda-envs-public/summerschool_2022/lib/python3.10/site-packages/xarray/backends/lru_cache.py:53[0m, in [0;36mLRUCache.__getitem__[0;34m(self, key)[0m
[1;32m     52[0m [38;5;28;01mwith[39;00m [38;5;28mself[39m[38;5;241m.[39m_lock:
[0;32m---> 53[0m     value [38;5;241m=[39m [38;5;28;43mself[39;49m[38;5;241;43m.[39;49m[43m_cache[49m[43m[[49m[43mkey[49m[43m][49m
[1;32m     54[0m     [38;5;28mself[39m[38;5;241m.[39m_cache[38;5;241m.[39mmove_to_end(key)

[0;31mKeyError[0m: [<class 'netCDF4._netCDF4.Dataset'>, ('http://esgf3.dkrz.de/thredds/dodsC/cmip6/CMIP/MPI-M/MPI-ESM1-2-LR/historical/r1i1p1f1/Amon/tas/gn/v20190710/tas_Amon_MPI-ESM1-2-LR_historical_r1i1p1f1_gn_185001-186912.nc',), 'r', (('clobber', True), ('diskless', False), ('format', 'NETCDF4'), ('persist', False))]

During handling of the above exception, another exception occurred:

[0;31mOSError[0m                                   Traceback (most recent call last)
Input [0;32mIn [5][0m, in [0;36m<cell line: 2>[0;34m()[0m
[1;32m      1[0m [38;5;28;01mimport[39;00m [38;5;21;01mxarray[39;00m [38;5;28;01mas[39;00m [38;5;21;01mxr[39;00m
[0;32m----> 2[0m ds [38;5;241m=[39m [43mxr[49m[38;5;241;43m.[39;49m[43mopen_dataset[49m[43m([49m[43mfiles[49m[43m[[49m[38;5;241;43m0[39;49m[43m][49m[38;5;241;43m.[39;49m[43mopendap_url[49m[43m,[49m[43m [49m[43mchunks[49m[38;5;241;43m=[39;49m[43m{[49m[38;5;124;43m'[39;49m[38;5;124;43mtime[39;49m[38;5;124;43m'[39;49m[43m:[49m[43m [49m[38;5;241;43m120[39;49m[43m}[49m[43m)[49m
[1;32m      3[0m ds

File [0;32m/work/bm0021/conda-envs-public/summerschool_2022/lib/python3.10/site-packages/xarray/backends/api.py:495[0m, in [0;36mopen_dataset[0;34m(filename_or_obj, engine, chunks, cache, decode_cf, mask_and_scale, decode_times, decode_timedelta, use_cftime, concat_characters, decode_coords, drop_variables, backend_kwargs, *args, **kwargs)[0m
[1;32m    483[0m decoders [38;5;241m=[39m _resolve_decoders_kwargs(
[1;32m    484[0m     decode_cf,
[1;32m    485[0m     open_backend_dataset_parameters[38;5;241m=[39mbackend[38;5;241m.[39mopen_dataset_parameters,
[0;32m   (...)[0m
[1;32m    491[0m     decode_coords[38;5;241m=[39mdecode_coords,
[1;32m    492[0m )
[1;32m    494[0m overwrite_encoded_chunks [38;5;241m=[39m kwargs[38;5;241m.[39mpop([38;5;124m"[39m[38;5;124moverwrite_encoded_chunks[39m[38;5;124m"[39m, [38;5;28;01mNone[39;00m)
[0;32m--> 495[0m backend_ds [38;5;241m=[39m [43mbackend[49m[38;5;241;43m.[39;49m[43mopen_dataset[49m[43m([49m
[1;32m    496[0m [43m    [49m[43mfilename_or_obj[49m[43m,[49m
[1;32m    497[0m [43m    [49m[43mdrop_variables[49m[38;5;241;43m=[39;49m[43mdrop_variables[49m[43m,[49m
[1;32m    498[0m [43m    [49m[38;5;241;43m*[39;49m[38;5;241;43m*[39;49m[43mdecoders[49m[43m,[49m
[1;32m    499[0m [43m    [49m[38;5;241;43m*[39;49m[38;5;241;43m*[39;49m[43mkwargs[49m[43m,[49m
[1;32m    500[0m [43m[49m[43m)[49m
[1;32m    501[0m ds [38;5;241m=[39m _dataset_from_backend_dataset(
[1;32m    502[0m     backend_ds,
[1;32m    503[0m     filename_or_obj,
[0;32m   (...)[0m
[1;32m    510[0m     [38;5;241m*[39m[38;5;241m*[39mkwargs,
[1;32m    511[0m )
[1;32m    512[0m [38;5;28;01mreturn[39;00m ds

File [0;32m/work/bm0021/conda-envs-public/summerschool_2022/lib/python3.10/site-packages/xarray/backends/netCDF4_.py:553[0m, in [0;36mNetCDF4BackendEntrypoint.open_dataset[0;34m(self, filename_or_obj, mask_and_scale, decode_times, concat_characters, decode_coords, drop_variables, use_cftime, decode_timedelta, group, mode, format, clobber, diskless, persist, lock, autoclose)[0m
[1;32m    532[0m [38;5;28;01mdef[39;00m [38;5;21mopen_dataset[39m(
[1;32m    533[0m     [38;5;28mself[39m,
[1;32m    534[0m     filename_or_obj,
[0;32m   (...)[0m
[1;32m    549[0m     autoclose[38;5;241m=[39m[38;5;28;01mFalse[39;00m,
[1;32m    550[0m ):
[1;32m    552[0m     filename_or_obj [38;5;241m=[39m _normalize_path(filename_or_obj)
[0;32m--> 553[0m     store [38;5;241m=[39m [43mNetCDF4DataStore[49m[38;5;241;43m.[39;49m[43mopen[49m[43m([49m
[1;32m    554[0m [43m        [49m[43mfilename_or_obj[49m[43m,[49m
[1;32m    555[0m [43m        [49m[43mmode[49m[38;5;241;43m=[39;49m[43mmode[49m[43m,[49m
[1;32m    556[0m [43m        [49m[38;5;28;43mformat[39;49m[38;5;241;43m=[39;49m[38;5;28;43mformat[39;49m[43m,[49m
[1;32m    557[0m [43m        [49m[43mgroup[49m[38;5;241;43m=[39;49m[43mgroup[49m[43m,[49m
[1;32m    558[0m [43m        [49m[43mclobber[49m[38;5;241;43m=[39;49m[43mclobber[49m[43m,[49m
[1;32m    559[0m [43m        [49m[43mdiskless[49m[38;5;241;43m=[39;49m[43mdiskless[49m[43m,[49m
[1;32m    560[0m [43m        [49m[43mpersist[49m[38;5;241;43m=[39;49m[43mpersist[49m[43m,[49m
[1;32m    561[0m [43m        [49m[43mlock[49m[38;5;241;43m=[39;49m[43mlock[49m[43m,[49m
[1;32m    562[0m [43m        [49m[43mautoclose[49m[38;5;241;43m=[39;49m[43mautoclose[49m[43m,[49m
[1;32m    563[0m [43m    [49m[43m)[49m
[1;32m    565[0m     store_entrypoint [38;5;241m=[39m StoreBackendEntrypoint()
[1;32m    566[0m     [38;5;28;01mwith[39;00m close_on_error(store):

File [0;32m/work/bm0021/conda-envs-public/summerschool_2022/lib/python3.10/site-packages/xarray/backends/netCDF4_.py:382[0m, in [0;36mNetCDF4DataStore.open[0;34m(cls, filename, mode, format, group, clobber, diskless, persist, lock, lock_maker, autoclose)[0m
[1;32m    376[0m kwargs [38;5;241m=[39m [38;5;28mdict[39m(
[1;32m    377[0m     clobber[38;5;241m=[39mclobber, diskless[38;5;241m=[39mdiskless, persist[38;5;241m=[39mpersist, [38;5;28mformat[39m[38;5;241m=[39m[38;5;28mformat[39m
[1;32m    378[0m )
[1;32m    379[0m manager [38;5;241m=[39m CachingFileManager(
[1;32m    380[0m     netCDF4[38;5;241m.[39mDataset, filename, mode[38;5;241m=[39mmode, kwargs[38;5;241m=[39mkwargs
[1;32m    381[0m )
[0;32m--> 382[0m [38;5;28;01mreturn[39;00m [38;5;28;43mcls[39;49m[43m([49m[43mmanager[49m[43m,[49m[43m [49m[43mgroup[49m[38;5;241;43m=[39;49m[43mgroup[49m[43m,[49m[43m [49m[43mmode[49m[38;5;241;43m=[39;49m[43mmode[49m[43m,[49m[43m [49m[43mlock[49m[38;5;241;43m=[39;49m[43mlock[49m[43m,[49m[43m [49m[43mautoclose[49m[38;5;241;43m=[39;49m[43mautoclose[49m[43m)[49m

File [0;32m/work/bm0021/conda-envs-public/summerschool_2022/lib/python3.10/site-packages/xarray/backends/netCDF4_.py:330[0m, in [0;36mNetCDF4DataStore.__init__[0;34m(self, manager, group, mode, lock, autoclose)[0m
[1;32m    328[0m [38;5;28mself[39m[38;5;241m.[39m_group [38;5;241m=[39m group
[1;32m    329[0m [38;5;28mself[39m[38;5;241m.[39m_mode [38;5;241m=[39m mode
[0;32m--> 330[0m [38;5;28mself[39m[38;5;241m.[39mformat [38;5;241m=[39m [38;5;28;43mself[39;49m[38;5;241;43m.[39;49m[43mds[49m[38;5;241m.[39mdata_model
[1;32m    331[0m [38;5;28mself[39m[38;5;241m.[39m_filename [38;5;241m=[39m [38;5;28mself[39m[38;5;241m.[39mds[38;5;241m.[39mfilepath()
[1;32m    332[0m [38;5;28mself[39m[38;5;241m.[39mis_remote [38;5;241m=[39m is_remote_uri([38;5;28mself[39m[38;5;241m.[39m_filename)

File [0;32m/work/bm0021/conda-envs-public/summerschool_2022/lib/python3.10/site-packages/xarray/backends/netCDF4_.py:391[0m, in [0;36mNetCDF4DataStore.ds[0;34m(self)[0m
[1;32m    389[0m [38;5;129m@property[39m
[1;32m    390[0m [38;5;28;01mdef[39;00m [38;5;21mds[39m([38;5;28mself[39m):
[0;32m--> 391[0m     [38;5;28;01mreturn[39;00m [38;5;28;43mself[39;49m[38;5;241;43m.[39;49m[43m_acquire[49m[43m([49m[43m)[49m

File [0;32m/work/bm0021/conda-envs-public/summerschool_2022/lib/python3.10/site-packages/xarray/backends/netCDF4_.py:385[0m, in [0;36mNetCDF4DataStore._acquire[0;34m(self, needs_lock)[0m
[1;32m    384[0m [38;5;28;01mdef[39;00m [38;5;21m_acquire[39m([38;5;28mself[39m, needs_lock[38;5;241m=[39m[38;5;28;01mTrue[39;00m):
[0;32m--> 385[0m     [38;5;28;01mwith[39;00m [38;5;28mself[39m[38;5;241m.[39m_manager[38;5;241m.[39macquire_context(needs_lock) [38;5;28;01mas[39;00m root:
[1;32m    386[0m         ds [38;5;241m=[39m _nc4_require_group(root, [38;5;28mself[39m[38;5;241m.[39m_group, [38;5;28mself[39m[38;5;241m.[39m_mode)
[1;32m    387[0m     [38;5;28;01mreturn[39;00m ds

File [0;32m/work/bm0021/conda-envs-public/summerschool_2022/lib/python3.10/contextlib.py:135[0m, in [0;36m_GeneratorContextManager.__enter__[0;34m(self)[0m
[1;32m    133[0m [38;5;28;01mdel[39;00m [38;5;28mself[39m[38;5;241m.[39margs, [38;5;28mself[39m[38;5;241m.[39mkwds, [38;5;28mself[39m[38;5;241m.[39mfunc
[1;32m    134[0m [38;5;28;01mtry[39;00m:
[0;32m--> 135[0m     [38;5;28;01mreturn[39;00m [38;5;28;43mnext[39;49m[43m([49m[38;5;28;43mself[39;49m[38;5;241;43m.[39;49m[43mgen[49m[43m)[49m
[1;32m    136[0m [38;5;28;01mexcept[39;00m [38;5;167;01mStopIteration[39;00m:
[1;32m    137[0m     [38;5;28;01mraise[39;00m [38;5;167;01mRuntimeError[39;00m([38;5;124m"[39m[38;5;124mgenerator didn[39m[38;5;124m'[39m[38;5;124mt yield[39m[38;5;124m"[39m) [38;5;28;01mfrom[39;00m [38;5;28mNone[39m

File [0;32m/work/bm0021/conda-envs-public/summerschool_2022/lib/python3.10/site-packages/xarray/backends/file_manager.py:187[0m, in [0;36mCachingFileManager.acquire_context[0;34m(self, needs_lock)[0m
[1;32m    184[0m [38;5;129m@contextlib[39m[38;5;241m.[39mcontextmanager
[1;32m    185[0m [38;5;28;01mdef[39;00m [38;5;21macquire_context[39m([38;5;28mself[39m, needs_lock[38;5;241m=[39m[38;5;28;01mTrue[39;00m):
[1;32m    186[0m     [38;5;124;03m"""Context manager for acquiring a file."""[39;00m
[0;32m--> 187[0m     file, cached [38;5;241m=[39m [38;5;28;43mself[39;49m[38;5;241;43m.[39;49m[43m_acquire_with_cache_info[49m[43m([49m[43mneeds_lock[49m[43m)[49m
[1;32m    188[0m     [38;5;28;01mtry[39;00m:
[1;32m    189[0m         [38;5;28;01myield[39;00m file

File [0;32m/work/bm0021/conda-envs-public/summerschool_2022/lib/python3.10/site-packages/xarray/backends/file_manager.py:205[0m, in [0;36mCachingFileManager._acquire_with_cache_info[0;34m(self, needs_lock)[0m
[1;32m    203[0m     kwargs [38;5;241m=[39m kwargs[38;5;241m.[39mcopy()
[1;32m    204[0m     kwargs[[38;5;124m"[39m[38;5;124mmode[39m[38;5;124m"[39m] [38;5;241m=[39m [38;5;28mself[39m[38;5;241m.[39m_mode
[0;32m--> 205[0m file [38;5;241m=[39m [38;5;28;43mself[39;49m[38;5;241;43m.[39;49m[43m_opener[49m[43m([49m[38;5;241;43m*[39;49m[38;5;28;43mself[39;49m[38;5;241;43m.[39;49m[43m_args[49m[43m,[49m[43m [49m[38;5;241;43m*[39;49m[38;5;241;43m*[39;49m[43mkwargs[49m[43m)[49m
[1;32m    206[0m [38;5;28;01mif[39;00m [38;5;28mself[39m[38;5;241m.[39m_mode [38;5;241m==[39m [38;5;124m"[39m[38;5;124mw[39m[38;5;124m"[39m:
[1;32m    207[0m     [38;5;66;03m# ensure file doesn't get overridden when opened again[39;00m
[1;32m    208[0m     [38;5;28mself[39m[38;5;241m.[39m_mode [38;5;241m=[39m [38;5;124m"[39m[38;5;124ma[39m[38;5;124m"[39m

File [0;32msrc/netCDF4/_netCDF4.pyx:2353[0m, in [0;36mnetCDF4._netCDF4.Dataset.__init__[0;34m()[0m

File [0;32msrc/netCDF4/_netCDF4.pyx:1963[0m, in [0;36mnetCDF4._netCDF4._ensure_nc_success[0;34m()[0m

[0;31mOSError[0m: [Errno -70] NetCDF: DAP server error: b'http://esgf3.dkrz.de/thredds/dodsC/cmip6/CMIP/MPI-M/MPI-ESM1-2-LR/historical/r1i1p1f1/Amon/tas/gn/v20190710/tas_Amon_MPI-ESM1-2-LR_historical_r1i1p1f1_gn_185001-186912.nc'
OSError: [Errno -70] NetCDF: DAP server error: b'http://esgf3.dkrz.de/thredds/dodsC/cmip6/CMIP/MPI-M/MPI-ESM1-2-LR/historical/r1i1p1f1/Amon/tas/gn/v20190710/tas_Amon_MPI-ESM1-2-LR_historical_r1i1p1f1_gn_185001-186912.nc'

